<?xml version="1.0" encoding="UTF-8"?>
<testsuite xmlns:xsi="http://www.w3.org/2001/XMLSchema-instance" xsi:noNamespaceSchemaLocation="https://maven.apache.org/surefire/maven-surefire-plugin/xsd/surefire-test-report-3.0.xsd" version="3.0" name="ApiTests" time="5.828" tests="3" errors="0" skipped="0" failures="0">
  <properties>
    <property name="sun.desktop" value="windows"/>
    <property name="awt.toolkit" value="sun.awt.windows.WToolkit"/>
    <property name="java.specification.version" value="12"/>
    <property name="sun.cpu.isalist" value="amd64"/>
    <property name="sun.jnu.encoding" value="Cp1251"/>
    <property name="java.class.path" value="E:\GitProjects\webApi_tests\target\test-classes;E:\GitProjects\webApi_tests\target\classes;C:\Users\Vlad\.m2\repository\io\rest-assured\rest-assured\3.3.0\rest-assured-3.3.0.jar;C:\Users\Vlad\.m2\repository\org\codehaus\groovy\groovy\2.4.15\groovy-2.4.15.jar;C:\Users\Vlad\.m2\repository\org\codehaus\groovy\groovy-xml\2.4.15\groovy-xml-2.4.15.jar;C:\Users\Vlad\.m2\repository\org\apache\httpcomponents\httpclient\4.5.3\httpclient-4.5.3.jar;C:\Users\Vlad\.m2\repository\org\apache\httpcomponents\httpcore\4.4.6\httpcore-4.4.6.jar;C:\Users\Vlad\.m2\repository\commons-logging\commons-logging\1.2\commons-logging-1.2.jar;C:\Users\Vlad\.m2\repository\commons-codec\commons-codec\1.9\commons-codec-1.9.jar;C:\Users\Vlad\.m2\repository\org\apache\httpcomponents\httpmime\4.5.3\httpmime-4.5.3.jar;C:\Users\Vlad\.m2\repository\org\hamcrest\hamcrest-core\1.3\hamcrest-core-1.3.jar;C:\Users\Vlad\.m2\repository\org\hamcrest\hamcrest-library\1.3\hamcrest-library-1.3.jar;C:\Users\Vlad\.m2\repository\org\ccil\cowan\tagsoup\tagsoup\1.2.1\tagsoup-1.2.1.jar;C:\Users\Vlad\.m2\repository\io\rest-assured\json-path\3.3.0\json-path-3.3.0.jar;C:\Users\Vlad\.m2\repository\org\codehaus\groovy\groovy-json\2.4.15\groovy-json-2.4.15.jar;C:\Users\Vlad\.m2\repository\io\rest-assured\rest-assured-common\3.3.0\rest-assured-common-3.3.0.jar;C:\Users\Vlad\.m2\repository\io\rest-assured\xml-path\3.3.0\xml-path-3.3.0.jar;C:\Users\Vlad\.m2\repository\org\apache\commons\commons-lang3\3.4\commons-lang3-3.4.jar;C:\Users\Vlad\.m2\repository\javax\xml\bind\jaxb-api\2.2.12\jaxb-api-2.2.12.jar;C:\Users\Vlad\.m2\repository\com\sun\xml\bind\jaxb-osgi\2.2.10\jaxb-osgi-2.2.10.jar;C:\Users\Vlad\.m2\repository\org\apache\sling\org.apache.sling.javax.activation\0.1.0\org.apache.sling.javax.activation-0.1.0.jar;C:\Users\Vlad\.m2\repository\javax\activation\activation\1.1.1\activation-1.1.1.jar;C:\Users\Vlad\.m2\repository\com\googlecode\json-simple\json-simple\1.1.1\json-simple-1.1.1.jar;C:\Users\Vlad\.m2\repository\junit\junit\4.10\junit-4.10.jar;C:\Users\Vlad\.m2\repository\org\hamcrest\hamcrest-all\1.3\hamcrest-all-1.3.jar;C:\Users\Vlad\.m2\repository\commons-io\commons-io\2.6\commons-io-2.6.jar;C:\Users\Vlad\.m2\repository\org\testng\testng\6.9.10\testng-6.9.10.jar;C:\Users\Vlad\.m2\repository\com\beust\jcommander\1.48\jcommander-1.48.jar;C:\Users\Vlad\.m2\repository\org\beanshell\bsh\2.0b4\bsh-2.0b4.jar;"/>
    <property name="java.vm.vendor" value="Oracle Corporation"/>
    <property name="sun.arch.data.model" value="64"/>
    <property name="user.variant" value=""/>
    <property name="java.vendor.url" value="https://java.oracle.com/"/>
    <property name="user.timezone" value="Europe/Kiev"/>
    <property name="os.name" value="Windows 10"/>
    <property name="java.vm.specification.version" value="12"/>
    <property name="sun.java.launcher" value="SUN_STANDARD"/>
    <property name="user.country" value="UA"/>
    <property name="sun.boot.library.path" value="E:\Java\jdk-12.0.1\bin"/>
    <property name="sun.java.command" value="C:\Users\Vlad\AppData\Local\Temp\surefire1457302748697334822\surefirebooter17565431016436825229.jar C:\Users\Vlad\AppData\Local\Temp\surefire1457302748697334822 2020-12-26T22-20-19_034-jvmRun1 surefire15811541241635835886tmp surefire_017900372887553614252tmp"/>
    <property name="jdk.debug" value="release"/>
    <property name="surefire.test.class.path" value="E:\GitProjects\webApi_tests\target\test-classes;E:\GitProjects\webApi_tests\target\classes;C:\Users\Vlad\.m2\repository\io\rest-assured\rest-assured\3.3.0\rest-assured-3.3.0.jar;C:\Users\Vlad\.m2\repository\org\codehaus\groovy\groovy\2.4.15\groovy-2.4.15.jar;C:\Users\Vlad\.m2\repository\org\codehaus\groovy\groovy-xml\2.4.15\groovy-xml-2.4.15.jar;C:\Users\Vlad\.m2\repository\org\apache\httpcomponents\httpclient\4.5.3\httpclient-4.5.3.jar;C:\Users\Vlad\.m2\repository\org\apache\httpcomponents\httpcore\4.4.6\httpcore-4.4.6.jar;C:\Users\Vlad\.m2\repository\commons-logging\commons-logging\1.2\commons-logging-1.2.jar;C:\Users\Vlad\.m2\repository\commons-codec\commons-codec\1.9\commons-codec-1.9.jar;C:\Users\Vlad\.m2\repository\org\apache\httpcomponents\httpmime\4.5.3\httpmime-4.5.3.jar;C:\Users\Vlad\.m2\repository\org\hamcrest\hamcrest-core\1.3\hamcrest-core-1.3.jar;C:\Users\Vlad\.m2\repository\org\hamcrest\hamcrest-library\1.3\hamcrest-library-1.3.jar;C:\Users\Vlad\.m2\repository\org\ccil\cowan\tagsoup\tagsoup\1.2.1\tagsoup-1.2.1.jar;C:\Users\Vlad\.m2\repository\io\rest-assured\json-path\3.3.0\json-path-3.3.0.jar;C:\Users\Vlad\.m2\repository\org\codehaus\groovy\groovy-json\2.4.15\groovy-json-2.4.15.jar;C:\Users\Vlad\.m2\repository\io\rest-assured\rest-assured-common\3.3.0\rest-assured-common-3.3.0.jar;C:\Users\Vlad\.m2\repository\io\rest-assured\xml-path\3.3.0\xml-path-3.3.0.jar;C:\Users\Vlad\.m2\repository\org\apache\commons\commons-lang3\3.4\commons-lang3-3.4.jar;C:\Users\Vlad\.m2\repository\javax\xml\bind\jaxb-api\2.2.12\jaxb-api-2.2.12.jar;C:\Users\Vlad\.m2\repository\com\sun\xml\bind\jaxb-osgi\2.2.10\jaxb-osgi-2.2.10.jar;C:\Users\Vlad\.m2\repository\org\apache\sling\org.apache.sling.javax.activation\0.1.0\org.apache.sling.javax.activation-0.1.0.jar;C:\Users\Vlad\.m2\repository\javax\activation\activation\1.1.1\activation-1.1.1.jar;C:\Users\Vlad\.m2\repository\com\googlecode\json-simple\json-simple\1.1.1\json-simple-1.1.1.jar;C:\Users\Vlad\.m2\repository\junit\junit\4.10\junit-4.10.jar;C:\Users\Vlad\.m2\repository\org\hamcrest\hamcrest-all\1.3\hamcrest-all-1.3.jar;C:\Users\Vlad\.m2\repository\commons-io\commons-io\2.6\commons-io-2.6.jar;C:\Users\Vlad\.m2\repository\org\testng\testng\6.9.10\testng-6.9.10.jar;C:\Users\Vlad\.m2\repository\com\beust\jcommander\1.48\jcommander-1.48.jar;C:\Users\Vlad\.m2\repository\org\beanshell\bsh\2.0b4\bsh-2.0b4.jar;"/>
    <property name="sun.cpu.endian" value="little"/>
    <property name="user.home" value="C:\Users\Vlad"/>
    <property name="user.language" value="uk"/>
    <property name="java.specification.vendor" value="Oracle Corporation"/>
    <property name="java.version.date" value="2019-04-16"/>
    <property name="java.home" value="E:\Java\jdk-12.0.1"/>
    <property name="file.separator" value="\"/>
    <property name="basedir" value="E:\GitProjects\webApi_tests"/>
    <property name="java.vm.compressedOopsMode" value="Zero based"/>
    <property name="line.separator" value="&#10;"/>
    <property name="java.vm.specification.vendor" value="Oracle Corporation"/>
    <property name="java.specification.name" value="Java Platform API Specification"/>
    <property name="java.awt.graphicsenv" value="sun.awt.Win32GraphicsEnvironment"/>
    <property name="surefire.real.class.path" value="C:\Users\Vlad\AppData\Local\Temp\surefire1457302748697334822\surefirebooter17565431016436825229.jar"/>
    <property name="user.script" value=""/>
    <property name="sun.management.compiler" value="HotSpot 64-Bit Tiered Compilers"/>
    <property name="java.runtime.version" value="12.0.1+12"/>
    <property name="user.name" value="Vlad"/>
    <property name="path.separator" value=";"/>
    <property name="os.version" value="10.0"/>
    <property name="java.runtime.name" value="Java(TM) SE Runtime Environment"/>
    <property name="file.encoding" value="Cp1251"/>
    <property name="java.vm.name" value="Java HotSpot(TM) 64-Bit Server VM"/>
    <property name="localRepository" value="C:\Users\Vlad\.m2\repository"/>
    <property name="java.vendor.url.bug" value="https://bugreport.java.com/bugreport/"/>
    <property name="java.io.tmpdir" value="C:\Users\Vlad\AppData\Local\Temp\"/>
    <property name="idea.version" value="2020.3"/>
    <property name="java.version" value="12.0.1"/>
    <property name="user.dir" value="E:\GitProjects\webApi_tests"/>
    <property name="os.arch" value="amd64"/>
    <property name="java.vm.specification.name" value="Java Virtual Machine Specification"/>
    <property name="sun.os.patch.level" value=""/>
    <property name="java.library.path" value="E:\Java\jdk-12.0.1\bin;C:\WINDOWS\Sun\Java\bin;C:\WINDOWS\system32;C:\WINDOWS;C:\Users\Vlad\AppData\Local\Programs\Python\Python39\Scripts\;C:\Users\Vlad\AppData\Local\Programs\Python\Python39\;C:\ProgramData\Oracle\Java\javapath;C:\Program Files (x86)\Intel\iCLS Client\;C:\Program Files\Intel\iCLS Client\;C:\Windows\system32;C:\Windows;C:\Windows\System32\Wbem;C:\Windows\System32\WindowsPowerShell\v1.0\;C:\Program Files (x86)\Intel\Intel(R) Management Engine Components\DAL;C:\Program Files\Intel\Intel(R) Management Engine Components\DAL;C:\Program Files (x86)\Intel\Intel(R) Management Engine Components\IPT;C:\Program Files\Intel\Intel(R) Management Engine Components\IPT;C:\Program Files (x86)\NVIDIA Corporation\PhysX\Common;C:\WINDOWS\system32;C:\WINDOWS;C:\WINDOWS\System32\Wbem;C:\WINDOWS\System32\WindowsPowerShell\v1.0\;C:\WINDOWS\System32\OpenSSH\;C:\Program Files\dotnet\;C:\Program Files\NVIDIA Corporation\NVIDIA NvDLISR;C:\Program Files\Microsoft SQL Server\130\Tools\Binn\;C:\Program Files\Microsoft SQL Server\Client SDK\ODBC\170\Tools\Binn\;C:\Program Files\Git\cmd;C:\WINDOWS\system32;C:\WINDOWS;C:\WINDOWS\System32\Wbem;C:\WINDOWS\System32\WindowsPowerShell\v1.0\;C:\WINDOWS\System32\OpenSSH\;C:\Program Files\Docker\Docker\resources\bin;C:\ProgramData\DockerDesktop\version-bin;C:\ProgramData\chocolatey\bin;C:\Program Files\Kubernetes\Minikube;C:\Program Files\nodejs\;C:\Users\Vlad\AppData\Local\Microsoft\WindowsApps;C:\Users\Vlad\AppData\Local\GitHubDesktop\bin;E:\IntelliJ IDEA Community Edition 2019.1.3\bin;;C:\Users\Vlad\AppData\Local\Microsoft\WindowsApps;;C:\Users\Vlad\AppData\Local\Programs\Microsoft VS Code\bin;E:\JetBrains\IntelliJ IDEA 2020.2.2\bin;;E:\Program Files (x86)\JetBrains\PyCharm 2020.2.3\bin;;C:\Users\Vlad\AppData\Roaming\npm;."/>
    <property name="java.vm.info" value="mixed mode, sharing"/>
    <property name="java.vendor" value="Oracle Corporation"/>
    <property name="java.vm.version" value="12.0.1+12"/>
    <property name="sun.io.unicode.encoding" value="UnicodeLittle"/>
    <property name="java.class.version" value="56.0"/>
  </properties>
  <testcase name="test1_upload" classname="ApiTests" time="3.24"/>
  <testcase name="test2_getMetaData" classname="ApiTests" time="0.79"/>
  <testcase name="test3_delete" classname="ApiTests" time="1.061"/>
</testsuite>