<?xml version="1.0" encoding="UTF-8"?>
<!-- Generated by org.testng.reporters.JUnitReportReporter -->
<testsuite hostname="LAPTOP-1CE6H7QS" failures="0" tests="3" name="ApiTests" time="5.089" errors="0" timestamp="26 Dec 2020 20:20:28 GMT">
  <testcase classname="ApiTests" name="test1_upload" time="3.234"/>
  <testcase classname="ApiTests" name="test2_getMetaData" time="0.795"/>
  <testcase classname="ApiTests" name="test3_delete" time="1.060"/>
</testsuite> <!-- ApiTests -->
